Seed = xxxxxxxxxxxxxxxx
******** Grid ********
xxxxxxxx
xxxxxxxx
xxxxxxxx
xxxx0000
00000000
00000000
00000000
00000000
**********************

******** Grid ********
xxxxxxxx
xxxxxxxx
xxxxxxxx
11110000
00000000
00000000
00000000
00000000
**********************

******** Grid ********
00000000
00000000
00000000
11110000
00000000
00000000
00000000
00000000
**********************

******** Grid ********
00000000
00000000
01100000
01100000
01100000
00000000
00000000
00000000
**********************

******** Grid ********
00000000
00000000
01100000
10010000
01100000
00000000
00000000
00000000
**********************

